Connecting to database specified by database.yml
Connecting to database specified by database.yml
  [1m[36m (0.1ms)[0m  [1mselect sqlite_version(*)[0m
  [1m[35m (1.2ms)[0m  CREATE TABLE "schema_migrations" ("version" varchar(255) NOT NULL) 
  [1m[36m (0.6ms)[0m  [1mCREATE UNIQUE INDEX "unique_schema_migrations" ON "schema_migrations" ("version")[0m
  [1m[35m (0.1ms)[0m  SELECT "schema_migrations"."version" FROM "schema_migrations" 
Connecting to database specified by database.yml
  [1m[36m (0.1ms)[0m  [1mselect sqlite_version(*)[0m
  [1m[35m (0.1ms)[0m  SELECT "schema_migrations"."version" FROM "schema_migrations" 
Connecting to database specified by database.yml
  [1m[36m (0.1ms)[0m  [1mSELECT "schema_migrations"."version" FROM "schema_migrations" [0m
  [1m[35m (0.1ms)[0m  select sqlite_version(*)
  [1m[36m (2.1ms)[0m  [1mCREATE TABLE "schema_migrations" ("version" varchar(255) NOT NULL) [0m
  [1m[35m (0.6ms)[0m  CREATE UNIQUE INDEX "unique_schema_migrations" ON "schema_migrations" ("version")
  [1m[36m (0.1ms)[0m  [1mSELECT version FROM "schema_migrations"[0m
  [1m[35m (0.5ms)[0m  INSERT INTO "schema_migrations" (version) VALUES ('0')
Connecting to database specified by database.yml
  [1m[36m (0.1ms)[0m  [1mSELECT "schema_migrations"."version" FROM "schema_migrations" [0m
  [1m[35m (0.1ms)[0m  select sqlite_version(*)
  [1m[36m (1.1ms)[0m  [1mCREATE TABLE "schema_migrations" ("version" varchar(255) NOT NULL) [0m
  [1m[35m (0.8ms)[0m  CREATE UNIQUE INDEX "unique_schema_migrations" ON "schema_migrations" ("version")
  [1m[36m (0.1ms)[0m  [1mSELECT version FROM "schema_migrations"[0m
  [1m[35m (0.7ms)[0m  INSERT INTO "schema_migrations" (version) VALUES ('0')
Connecting to database specified by database.yml
  [1m[36m (0.1ms)[0m  [1mSELECT "schema_migrations"."version" FROM "schema_migrations" [0m
  [1m[35m (0.1ms)[0m  select sqlite_version(*)
  [1m[36m (2.6ms)[0m  [1mCREATE TABLE "schema_migrations" ("version" varchar(255) NOT NULL) [0m
  [1m[35m (1.1ms)[0m  CREATE UNIQUE INDEX "unique_schema_migrations" ON "schema_migrations" ("version")
  [1m[36m (0.1ms)[0m  [1mSELECT version FROM "schema_migrations"[0m
  [1m[35m (0.7ms)[0m  INSERT INTO "schema_migrations" (version) VALUES ('0')
Connecting to database specified by database.yml
  [1m[36m (0.1ms)[0m  [1mSELECT "schema_migrations"."version" FROM "schema_migrations" [0m
  [1m[35m (0.1ms)[0m  select sqlite_version(*)
  [1m[36m (2.7ms)[0m  [1mCREATE TABLE "schema_migrations" ("version" varchar(255) NOT NULL) [0m
  [1m[35m (1.1ms)[0m  CREATE UNIQUE INDEX "unique_schema_migrations" ON "schema_migrations" ("version")
  [1m[36m (0.1ms)[0m  [1mSELECT version FROM "schema_migrations"[0m
  [1m[35m (0.9ms)[0m  INSERT INTO "schema_migrations" (version) VALUES ('0')
Connecting to database specified by database.yml
  [1m[36m (0.1ms)[0m  [1mSELECT "schema_migrations"."version" FROM "schema_migrations" [0m
  [1m[35m (0.1ms)[0m  select sqlite_version(*)
  [1m[36m (2.6ms)[0m  [1mCREATE TABLE "schema_migrations" ("version" varchar(255) NOT NULL) [0m
  [1m[35m (1.1ms)[0m  CREATE UNIQUE INDEX "unique_schema_migrations" ON "schema_migrations" ("version")
  [1m[36m (0.1ms)[0m  [1mSELECT version FROM "schema_migrations"[0m
  [1m[35m (0.7ms)[0m  INSERT INTO "schema_migrations" (version) VALUES ('0')
Connecting to database specified by database.yml
  [1m[36m (0.1ms)[0m  [1mSELECT "schema_migrations"."version" FROM "schema_migrations" [0m
  [1m[35m (0.1ms)[0m  select sqlite_version(*)
  [1m[36m (1.2ms)[0m  [1mCREATE TABLE "schema_migrations" ("version" varchar(255) NOT NULL) [0m
  [1m[35m (1.0ms)[0m  CREATE UNIQUE INDEX "unique_schema_migrations" ON "schema_migrations" ("version")
  [1m[36m (0.1ms)[0m  [1mSELECT version FROM "schema_migrations"[0m
  [1m[35m (1.0ms)[0m  INSERT INTO "schema_migrations" (version) VALUES ('0')
Connecting to database specified by database.yml
  [1m[36m (0.1ms)[0m  [1mSELECT "schema_migrations"."version" FROM "schema_migrations" [0m
  [1m[35m (0.1ms)[0m  select sqlite_version(*)
  [1m[36m (2.6ms)[0m  [1mCREATE TABLE "schema_migrations" ("version" varchar(255) NOT NULL) [0m
  [1m[35m (1.1ms)[0m  CREATE UNIQUE INDEX "unique_schema_migrations" ON "schema_migrations" ("version")
  [1m[36m (0.1ms)[0m  [1mSELECT version FROM "schema_migrations"[0m
  [1m[35m (1.0ms)[0m  INSERT INTO "schema_migrations" (version) VALUES ('0')
Connecting to database specified by database.yml
Connecting to database specified by database.yml
Connecting to database specified by database.yml
  [1m[36m (0.1ms)[0m  [1mSELECT "schema_migrations"."version" FROM "schema_migrations" [0m
  [1m[35m (0.1ms)[0m  select sqlite_version(*)
  [1m[36m (2.9ms)[0m  [1mCREATE TABLE "schema_migrations" ("version" varchar(255) NOT NULL) [0m
  [1m[35m (1.5ms)[0m  CREATE UNIQUE INDEX "unique_schema_migrations" ON "schema_migrations" ("version")
  [1m[36m (0.1ms)[0m  [1mSELECT version FROM "schema_migrations"[0m
  [1m[35m (0.9ms)[0m  INSERT INTO "schema_migrations" (version) VALUES ('0')
Connecting to database specified by database.yml
  [1m[36m (0.1ms)[0m  [1mSELECT "schema_migrations"."version" FROM "schema_migrations" [0m
  [1m[35m (0.1ms)[0m  select sqlite_version(*)
  [1m[36m (2.8ms)[0m  [1mCREATE TABLE "schema_migrations" ("version" varchar(255) NOT NULL) [0m
  [1m[35m (1.2ms)[0m  CREATE UNIQUE INDEX "unique_schema_migrations" ON "schema_migrations" ("version")
  [1m[36m (0.1ms)[0m  [1mSELECT version FROM "schema_migrations"[0m
  [1m[35m (1.0ms)[0m  INSERT INTO "schema_migrations" (version) VALUES ('0')
Connecting to database specified by database.yml
  [1m[36m (0.1ms)[0m  [1mSELECT "schema_migrations"."version" FROM "schema_migrations" [0m
  [1m[35m (0.1ms)[0m  select sqlite_version(*)
  [1m[36m (3.1ms)[0m  [1mCREATE TABLE "schema_migrations" ("version" varchar(255) NOT NULL) [0m
  [1m[35m (1.4ms)[0m  CREATE UNIQUE INDEX "unique_schema_migrations" ON "schema_migrations" ("version")
  [1m[36m (0.1ms)[0m  [1mSELECT version FROM "schema_migrations"[0m
  [1m[35m (0.9ms)[0m  INSERT INTO "schema_migrations" (version) VALUES ('0')
Connecting to database specified by database.yml
Connecting to database specified by database.yml
  [1m[36m (0.1ms)[0m  [1mSELECT "schema_migrations"."version" FROM "schema_migrations" [0m
Connecting to database specified by database.yml
  [1m[36m (0.1ms)[0m  [1mSELECT "schema_migrations"."version" FROM "schema_migrations" [0m
  [1m[35m (0.1ms)[0m  select sqlite_version(*)
  [1m[36m (2.9ms)[0m  [1mCREATE TABLE "schema_migrations" ("version" varchar(255) NOT NULL) [0m
  [1m[35m (1.5ms)[0m  CREATE UNIQUE INDEX "unique_schema_migrations" ON "schema_migrations" ("version")
  [1m[36m (0.1ms)[0m  [1mSELECT version FROM "schema_migrations"[0m
  [1m[35m (0.9ms)[0m  INSERT INTO "schema_migrations" (version) VALUES ('0')
Connecting to database specified by database.yml
  [1m[36m (0.1ms)[0m  [1mSELECT "schema_migrations"."version" FROM "schema_migrations" [0m
  [1m[35m (0.1ms)[0m  select sqlite_version(*)
  [1m[36m (1.4ms)[0m  [1mCREATE TABLE "schema_migrations" ("version" varchar(255) NOT NULL) [0m
  [1m[35m (1.0ms)[0m  CREATE UNIQUE INDEX "unique_schema_migrations" ON "schema_migrations" ("version")
  [1m[36m (0.1ms)[0m  [1mSELECT version FROM "schema_migrations"[0m
  [1m[35m (0.8ms)[0m  INSERT INTO "schema_migrations" (version) VALUES ('0')
Connecting to database specified by database.yml
Connecting to database specified by database.yml
  [1m[36m (0.1ms)[0m  [1mSELECT "schema_migrations"."version" FROM "schema_migrations" [0m
Migrating to CreateWords (20130605181234)
  [1m[35m (0.0ms)[0m  select sqlite_version(*)
  [1m[36m (0.0ms)[0m  [1mbegin transaction[0m
  [1m[35m (0.6ms)[0m  CREATE TABLE "words" ("id" INTEGER PRIMARY KEY AUTOINCREMENT NOT NULL, "word" varchar(255), "score" integer) 
  [1m[36m (0.1ms)[0m  [1mINSERT INTO "schema_migrations" ("version") VALUES ('20130605181234')[0m
  [1m[35m (2.0ms)[0m  commit transaction
  [1m[36m (0.1ms)[0m  [1mSELECT "schema_migrations"."version" FROM "schema_migrations" [0m
Connecting to database specified by database.yml
  [1m[36m (0.1ms)[0m  [1mSELECT "schema_migrations"."version" FROM "schema_migrations" [0m
  [1m[35m (0.2ms)[0m  select sqlite_version(*)
  [1m[36m (2.7ms)[0m  [1mCREATE TABLE "words" ("id" INTEGER PRIMARY KEY AUTOINCREMENT NOT NULL, "word" varchar(255), "score" integer) [0m
  [1m[35m (1.0ms)[0m  CREATE TABLE "schema_migrations" ("version" varchar(255) NOT NULL) 
  [1m[36m (0.9ms)[0m  [1mCREATE UNIQUE INDEX "unique_schema_migrations" ON "schema_migrations" ("version")[0m
  [1m[35m (0.1ms)[0m  SELECT version FROM "schema_migrations"
  [1m[36m (0.9ms)[0m  [1mINSERT INTO "schema_migrations" (version) VALUES ('20130605181234')[0m
Connecting to database specified by database.yml
  [1m[36m (0.1ms)[0m  [1mSELECT "schema_migrations"."version" FROM "schema_migrations" [0m
  [1m[35m (0.2ms)[0m  select sqlite_version(*)
  [1m[36m (2.7ms)[0m  [1mCREATE TABLE "words" ("id" INTEGER PRIMARY KEY AUTOINCREMENT NOT NULL, "word" varchar(255), "score" integer) [0m
  [1m[35m (1.0ms)[0m  CREATE TABLE "schema_migrations" ("version" varchar(255) NOT NULL) 
  [1m[36m (1.0ms)[0m  [1mCREATE UNIQUE INDEX "unique_schema_migrations" ON "schema_migrations" ("version")[0m
  [1m[35m (0.1ms)[0m  SELECT version FROM "schema_migrations"
  [1m[36m (0.9ms)[0m  [1mINSERT INTO "schema_migrations" (version) VALUES ('20130605181234')[0m
Connecting to database specified by database.yml
  [1m[36m (0.1ms)[0m  [1mSELECT "schema_migrations"."version" FROM "schema_migrations" [0m
  [1m[35m (0.2ms)[0m  select sqlite_version(*)
  [1m[36m (2.4ms)[0m  [1mCREATE TABLE "words" ("id" INTEGER PRIMARY KEY AUTOINCREMENT NOT NULL, "word" varchar(255), "score" integer) [0m
  [1m[35m (1.1ms)[0m  CREATE TABLE "schema_migrations" ("version" varchar(255) NOT NULL) 
  [1m[36m (1.0ms)[0m  [1mCREATE UNIQUE INDEX "unique_schema_migrations" ON "schema_migrations" ("version")[0m
  [1m[35m (0.1ms)[0m  SELECT version FROM "schema_migrations"
  [1m[36m (0.7ms)[0m  [1mINSERT INTO "schema_migrations" (version) VALUES ('20130605181234')[0m
Connecting to database specified by database.yml
  [1m[36m (0.1ms)[0m  [1mSELECT "schema_migrations"."version" FROM "schema_migrations" [0m
  [1m[35m (0.2ms)[0m  select sqlite_version(*)
  [1m[36m (2.6ms)[0m  [1mCREATE TABLE "words" ("id" INTEGER PRIMARY KEY AUTOINCREMENT NOT NULL, "word" varchar(255), "score" integer) [0m
  [1m[35m (1.1ms)[0m  CREATE TABLE "schema_migrations" ("version" varchar(255) NOT NULL) 
  [1m[36m (1.0ms)[0m  [1mCREATE UNIQUE INDEX "unique_schema_migrations" ON "schema_migrations" ("version")[0m
  [1m[35m (0.1ms)[0m  SELECT version FROM "schema_migrations"
  [1m[36m (1.0ms)[0m  [1mINSERT INTO "schema_migrations" (version) VALUES ('20130605181234')[0m
Connecting to database specified by database.yml


Started GET "/words" for 127.0.0.1 at 2013-06-05 12:19:01 -0600
Processing by WordsController#index as HTML
  Rendered words/index.html.erb within layouts/application (7.1ms)
Compiled words.css  (6ms)  (pid 39705)
Compiled application.css  (10ms)  (pid 39705)
Compiled jquery.js  (38ms)  (pid 39705)
Compiled jquery_ujs.js  (0ms)  (pid 39705)
Compiled words.js  (118ms)  (pid 39705)
Compiled application.js  (182ms)  (pid 39705)
Completed 200 OK in 297ms (Views: 282.3ms | ActiveRecord: 1.0ms)


Started GET "/assets/application.css?body=1" for 127.0.0.1 at 2013-06-05 12:19:01 -0600
Served asset /application.css - 200 OK (12ms)


Started GET "/assets/words.css?body=1" for 127.0.0.1 at 2013-06-05 12:19:01 -0600
Served asset /words.css - 200 OK (1ms)


Started GET "/assets/application.js?body=1" for 127.0.0.1 at 2013-06-05 12:19:01 -0600
Served asset /application.js - 200 OK (4ms)


Started GET "/assets/words.js?body=1" for 127.0.0.1 at 2013-06-05 12:19:01 -0600
Served asset /words.js - 200 OK (1ms)


Started GET "/assets/jquery.js?body=1" for 127.0.0.1 at 2013-06-05 12:19:01 -0600
Served asset /jquery.js - 200 OK (41ms)


Started GET "/assets/jquery_ujs.js?body=1" for 127.0.0.1 at 2013-06-05 12:19:01 -0600
Served asset /jquery_ujs.js - 200 OK (3ms)


Started GET "/words" for 127.0.0.1 at 2013-06-05 12:19:52 -0600
Processing by WordsController#index as HTML
ERROR: compiling _app_views_words_index_html_erb__1583433867027192443_70259722960060 RAISED /Users/jcasimir/Dropbox/Projects/scrabble-web/app/views/words/index.html.erb:5: syntax error, unexpected ')', expecting :: or '[' or '.'
...end= ( f.submit, "Score Word" );@output_buffer.safe_concat('
...                               ^
/Users/jcasimir/Dropbox/Projects/scrabble-web/app/views/words/index.html.erb:6: syntax error, unexpected keyword_end, expecting ')'
'); end ;@output_buffer.to_s
       ^
/Users/jcasimir/Dropbox/Projects/scrabble-web/app/views/words/index.html.erb:7: syntax error, unexpected keyword_ensure, expecting ')'
/Users/jcasimir/Dropbox/Projects/scrabble-web/app/views/words/index.html.erb:9: syntax error, unexpected keyword_end, expecting ')'
Function body:           def _app_views_words_index_html_erb__1583433867027192443_70259722960060(local_assigns, output_buffer)
            _old_virtual_path, @virtual_path = @virtual_path, "words/index";_old_output_buffer = @output_buffer;;@output_buffer = output_buffer || ActionView::OutputBuffer.new;@output_buffer.safe_concat('<h1>Scrabble-Web</h1>

');@output_buffer.append=  form_for @word do |f| @output_buffer.safe_concat('
');@output_buffer.safe_concat('  ');@output_buffer.append= ( f.text_field :word );@output_buffer.safe_concat('
');@output_buffer.safe_concat('  ');@output_buffer.append= ( f.submit, "Score Word" );@output_buffer.safe_concat('
'); end ;@output_buffer.to_s
          ensure
            @virtual_path, @output_buffer = _old_virtual_path, _old_output_buffer
          end

Backtrace: /Users/jcasimir/.rvm/gems/ruby-2.0.0-p0/gems/actionpack-3.2.13/lib/action_view/template.rb:297:in `module_eval'
/Users/jcasimir/.rvm/gems/ruby-2.0.0-p0/gems/actionpack-3.2.13/lib/action_view/template.rb:297:in `compile'
/Users/jcasimir/.rvm/gems/ruby-2.0.0-p0/gems/actionpack-3.2.13/lib/action_view/template.rb:244:in `block in compile!'
/Users/jcasimir/.rvm/gems/ruby-2.0.0-p0/gems/actionpack-3.2.13/lib/action_view/template.rb:232:in `synchronize'
/Users/jcasimir/.rvm/gems/ruby-2.0.0-p0/gems/actionpack-3.2.13/lib/action_view/template.rb:232:in `compile!'
/Users/jcasimir/.rvm/gems/ruby-2.0.0-p0/gems/actionpack-3.2.13/lib/action_view/template.rb:144:in `block in render'
/Users/jcasimir/.rvm/gems/ruby-2.0.0-p0/gems/activesupport-3.2.13/lib/active_support/notifications.rb:125:in `instrument'
/Users/jcasimir/.rvm/gems/ruby-2.0.0-p0/gems/actionpack-3.2.13/lib/action_view/template.rb:143:in `render'
/Users/jcasimir/.rvm/gems/ruby-2.0.0-p0/gems/actionpack-3.2.13/lib/action_view/renderer/template_renderer.rb:47:in `block (2 levels) in render_template'
/Users/jcasimir/.rvm/gems/ruby-2.0.0-p0/gems/actionpack-3.2.13/lib/action_view/renderer/abstract_renderer.rb:38:in `block in instrument'
/Users/jcasimir/.rvm/gems/ruby-2.0.0-p0/gems/activesupport-3.2.13/lib/active_support/notifications.rb:123:in `block in instrument'
/Users/jcasimir/.rvm/gems/ruby-2.0.0-p0/gems/activesupport-3.2.13/lib/active_support/notifications/instrumenter.rb:20:in `instrument'
/Users/jcasimir/.rvm/gems/ruby-2.0.0-p0/gems/activesupport-3.2.13/lib/active_support/notifications.rb:123:in `instrument'
/Users/jcasimir/.rvm/gems/ruby-2.0.0-p0/gems/actionpack-3.2.13/lib/action_view/renderer/abstract_renderer.rb:38:in `instrument'
/Users/jcasimir/.rvm/gems/ruby-2.0.0-p0/gems/actionpack-3.2.13/lib/action_view/renderer/template_renderer.rb:46:in `block in render_template'
/Users/jcasimir/.rvm/gems/ruby-2.0.0-p0/gems/actionpack-3.2.13/lib/action_view/renderer/template_renderer.rb:54:in `render_with_layout'
/Users/jcasimir/.rvm/gems/ruby-2.0.0-p0/gems/actionpack-3.2.13/lib/action_view/renderer/template_renderer.rb:45:in `render_template'
/Users/jcasimir/.rvm/gems/ruby-2.0.0-p0/gems/actionpack-3.2.13/lib/action_view/renderer/template_renderer.rb:18:in `render'
/Users/jcasimir/.rvm/gems/ruby-2.0.0-p0/gems/actionpack-3.2.13/lib/action_view/renderer/renderer.rb:36:in `render_template'
/Users/jcasimir/.rvm/gems/ruby-2.0.0-p0/gems/actionpack-3.2.13/lib/action_view/renderer/renderer.rb:17:in `render'
/Users/jcasimir/.rvm/gems/ruby-2.0.0-p0/gems/actionpack-3.2.13/lib/abstract_controller/rendering.rb:110:in `_render_template'
/Users/jcasimir/.rvm/gems/ruby-2.0.0-p0/gems/actionpack-3.2.13/lib/action_controller/metal/streaming.rb:225:in `_render_template'
/Users/jcasimir/.rvm/gems/ruby-2.0.0-p0/gems/actionpack-3.2.13/lib/abstract_controller/rendering.rb:103:in `render_to_body'
/Users/jcasimir/.rvm/gems/ruby-2.0.0-p0/gems/actionpack-3.2.13/lib/action_controller/metal/renderers.rb:28:in `render_to_body'
/Users/jcasimir/.rvm/gems/ruby-2.0.0-p0/gems/actionpack-3.2.13/lib/action_controller/metal/compatibility.rb:50:in `render_to_body'
/Users/jcasimir/.rvm/gems/ruby-2.0.0-p0/gems/actionpack-3.2.13/lib/abstract_controller/rendering.rb:88:in `render'
/Users/jcasimir/.rvm/gems/ruby-2.0.0-p0/gems/actionpack-3.2.13/lib/action_controller/metal/rendering.rb:16:in `render'
/Users/jcasimir/.rvm/gems/ruby-2.0.0-p0/gems/actionpack-3.2.13/lib/action_controller/metal/instrumentation.rb:40:in `block (2 levels) in render'
/Users/jcasimir/.rvm/gems/ruby-2.0.0-p0/gems/activesupport-3.2.13/lib/active_support/core_ext/benchmark.rb:5:in `block in ms'
/Users/jcasimir/.rvm/rubies/ruby-2.0.0-p0/lib/ruby/2.0.0/benchmark.rb:296:in `realtime'
/Users/jcasimir/.rvm/gems/ruby-2.0.0-p0/gems/activesupport-3.2.13/lib/active_support/core_ext/benchmark.rb:5:in `ms'
/Users/jcasimir/.rvm/gems/ruby-2.0.0-p0/gems/actionpack-3.2.13/lib/action_controller/metal/instrumentation.rb:40:in `block in render'
/Users/jcasimir/.rvm/gems/ruby-2.0.0-p0/gems/actionpack-3.2.13/lib/action_controller/metal/instrumentation.rb:83:in `cleanup_view_runtime'
/Users/jcasimir/.rvm/gems/ruby-2.0.0-p0/gems/activerecord-3.2.13/lib/active_record/railties/controller_runtime.rb:24:in `cleanup_view_runtime'
/Users/jcasimir/.rvm/gems/ruby-2.0.0-p0/gems/actionpack-3.2.13/lib/action_controller/metal/instrumentation.rb:39:in `render'
/Users/jcasimir/.rvm/gems/ruby-2.0.0-p0/gems/actionpack-3.2.13/lib/action_controller/metal/implicit_render.rb:10:in `default_render'
/Users/jcasimir/.rvm/gems/ruby-2.0.0-p0/gems/actionpack-3.2.13/lib/action_controller/metal/implicit_render.rb:5:in `send_action'
/Users/jcasimir/.rvm/gems/ruby-2.0.0-p0/gems/actionpack-3.2.13/lib/abstract_controller/base.rb:167:in `process_action'
/Users/jcasimir/.rvm/gems/ruby-2.0.0-p0/gems/actionpack-3.2.13/lib/action_controller/metal/rendering.rb:10:in `process_action'
/Users/jcasimir/.rvm/gems/ruby-2.0.0-p0/gems/actionpack-3.2.13/lib/abstract_controller/callbacks.rb:18:in `block in process_action'
/Users/jcasimir/.rvm/gems/ruby-2.0.0-p0/gems/activesupport-3.2.13/lib/active_support/callbacks.rb:414:in `_run__995686182991367896__process_action__1989857440875586018__callbacks'
/Users/jcasimir/.rvm/gems/ruby-2.0.0-p0/gems/activesupport-3.2.13/lib/active_support/callbacks.rb:405:in `__run_callback'
/Users/jcasimir/.rvm/gems/ruby-2.0.0-p0/gems/activesupport-3.2.13/lib/active_support/callbacks.rb:385:in `_run_process_action_callbacks'
/Users/jcasimir/.rvm/gems/ruby-2.0.0-p0/gems/activesupport-3.2.13/lib/active_support/callbacks.rb:81:in `run_callbacks'
/Users/jcasimir/.rvm/gems/ruby-2.0.0-p0/gems/actionpack-3.2.13/lib/abstract_controller/callbacks.rb:17:in `process_action'
/Users/jcasimir/.rvm/gems/ruby-2.0.0-p0/gems/actionpack-3.2.13/lib/action_controller/metal/rescue.rb:29:in `process_action'
/Users/jcasimir/.rvm/gems/ruby-2.0.0-p0/gems/actionpack-3.2.13/lib/action_controller/metal/instrumentation.rb:30:in `block in process_action'
/Users/jcasimir/.rvm/gems/ruby-2.0.0-p0/gems/activesupport-3.2.13/lib/active_support/notifications.rb:123:in `block in instrument'
/Users/jcasimir/.rvm/gems/ruby-2.0.0-p0/gems/activesupport-3.2.13/lib/active_support/notifications/instrumenter.rb:20:in `instrument'
/Users/jcasimir/.rvm/gems/ruby-2.0.0-p0/gems/activesupport-3.2.13/lib/active_support/notifications.rb:123:in `instrument'
/Users/jcasimir/.rvm/gems/ruby-2.0.0-p0/gems/actionpack-3.2.13/lib/action_controller/metal/instrumentation.rb:29:in `process_action'
/Users/jcasimir/.rvm/gems/ruby-2.0.0-p0/gems/actionpack-3.2.13/lib/action_controller/metal/params_wrapper.rb:207:in `process_action'
/Users/jcasimir/.rvm/gems/ruby-2.0.0-p0/gems/activerecord-3.2.13/lib/active_record/railties/controller_runtime.rb:18:in `process_action'
/Users/jcasimir/.rvm/gems/ruby-2.0.0-p0/gems/actionpack-3.2.13/lib/abstract_controller/base.rb:121:in `process'
/Users/jcasimir/.rvm/gems/ruby-2.0.0-p0/gems/actionpack-3.2.13/lib/abstract_controller/rendering.rb:45:in `process'
/Users/jcasimir/.rvm/gems/ruby-2.0.0-p0/gems/actionpack-3.2.13/lib/action_controller/metal.rb:203:in `dispatch'
/Users/jcasimir/.rvm/gems/ruby-2.0.0-p0/gems/actionpack-3.2.13/lib/action_controller/metal/rack_delegation.rb:14:in `dispatch'
/Users/jcasimir/.rvm/gems/ruby-2.0.0-p0/gems/actionpack-3.2.13/lib/action_controller/metal.rb:246:in `block in action'
/Users/jcasimir/.rvm/gems/ruby-2.0.0-p0/gems/actionpack-3.2.13/lib/action_dispatch/routing/route_set.rb:73:in `call'
/Users/jcasimir/.rvm/gems/ruby-2.0.0-p0/gems/actionpack-3.2.13/lib/action_dispatch/routing/route_set.rb:73:in `dispatch'
/Users/jcasimir/.rvm/gems/ruby-2.0.0-p0/gems/actionpack-3.2.13/lib/action_dispatch/routing/route_set.rb:36:in `call'
/Users/jcasimir/.rvm/gems/ruby-2.0.0-p0/gems/journey-1.0.4/lib/journey/router.rb:68:in `block in call'
/Users/jcasimir/.rvm/gems/ruby-2.0.0-p0/gems/journey-1.0.4/lib/journey/router.rb:56:in `each'
/Users/jcasimir/.rvm/gems/ruby-2.0.0-p0/gems/journey-1.0.4/lib/journey/router.rb:56:in `call'
/Users/jcasimir/.rvm/gems/ruby-2.0.0-p0/gems/actionpack-3.2.13/lib/action_dispatch/routing/route_set.rb:612:in `call'
/Users/jcasimir/.rvm/gems/ruby-2.0.0-p0/gems/actionpack-3.2.13/lib/action_dispatch/middleware/best_standards_support.rb:17:in `call'
/Users/jcasimir/.rvm/gems/ruby-2.0.0-p0/gems/rack-1.4.5/lib/rack/etag.rb:23:in `call'
/Users/jcasimir/.rvm/gems/ruby-2.0.0-p0/gems/rack-1.4.5/lib/rack/conditionalget.rb:25:in `call'
/Users/jcasimir/.rvm/gems/ruby-2.0.0-p0/gems/actionpack-3.2.13/lib/action_dispatch/middleware/head.rb:14:in `call'
/Users/jcasimir/.rvm/gems/ruby-2.0.0-p0/gems/actionpack-3.2.13/lib/action_dispatch/middleware/params_parser.rb:21:in `call'
/Users/jcasimir/.rvm/gems/ruby-2.0.0-p0/gems/actionpack-3.2.13/lib/action_dispatch/middleware/flash.rb:242:in `call'
/Users/jcasimir/.rvm/gems/ruby-2.0.0-p0/gems/rack-1.4.5/lib/rack/session/abstract/id.rb:210:in `context'
/Users/jcasimir/.rvm/gems/ruby-2.0.0-p0/gems/rack-1.4.5/lib/rack/session/abstract/id.rb:205:in `call'
/Users/jcasimir/.rvm/gems/ruby-2.0.0-p0/gems/actionpack-3.2.13/lib/action_dispatch/middleware/cookies.rb:341:in `call'
/Users/jcasimir/.rvm/gems/ruby-2.0.0-p0/gems/activerecord-3.2.13/lib/active_record/query_cache.rb:64:in `call'
/Users/jcasimir/.rvm/gems/ruby-2.0.0-p0/gems/activerecord-3.2.13/lib/active_record/connection_adapters/abstract/connection_pool.rb:479:in `call'
/Users/jcasimir/.rvm/gems/ruby-2.0.0-p0/gems/actionpack-3.2.13/lib/action_dispatch/middleware/callbacks.rb:28:in `block in call'
/Users/jcasimir/.rvm/gems/ruby-2.0.0-p0/gems/activesupport-3.2.13/lib/active_support/callbacks.rb:405:in `_run__3572373867074392391__call__2082910703385760317__callbacks'
/Users/jcasimir/.rvm/gems/ruby-2.0.0-p0/gems/activesupport-3.2.13/lib/active_support/callbacks.rb:405:in `__run_callback'
/Users/jcasimir/.rvm/gems/ruby-2.0.0-p0/gems/activesupport-3.2.13/lib/active_support/callbacks.rb:385:in `_run_call_callbacks'
/Users/jcasimir/.rvm/gems/ruby-2.0.0-p0/gems/activesupport-3.2.13/lib/active_support/callbacks.rb:81:in `run_callbacks'
/Users/jcasimir/.rvm/gems/ruby-2.0.0-p0/gems/actionpack-3.2.13/lib/action_dispatch/middleware/callbacks.rb:27:in `call'
/Users/jcasimir/.rvm/gems/ruby-2.0.0-p0/gems/actionpack-3.2.13/lib/action_dispatch/middleware/reloader.rb:65:in `call'
/Users/jcasimir/.rvm/gems/ruby-2.0.0-p0/gems/actionpack-3.2.13/lib/action_dispatch/middleware/remote_ip.rb:31:in `call'
/Users/jcasimir/.rvm/gems/ruby-2.0.0-p0/gems/actionpack-3.2.13/lib/action_dispatch/middleware/debug_exceptions.rb:16:in `call'
/Users/jcasimir/.rvm/gems/ruby-2.0.0-p0/gems/actionpack-3.2.13/lib/action_dispatch/middleware/show_exceptions.rb:56:in `call'
/Users/jcasimir/.rvm/gems/ruby-2.0.0-p0/gems/railties-3.2.13/lib/rails/rack/logger.rb:32:in `call_app'
/Users/jcasimir/.rvm/gems/ruby-2.0.0-p0/gems/railties-3.2.13/lib/rails/rack/logger.rb:16:in `block in call'
/Users/jcasimir/.rvm/gems/ruby-2.0.0-p0/gems/activesupport-3.2.13/lib/active_support/tagged_logging.rb:22:in `tagged'
/Users/jcasimir/.rvm/gems/ruby-2.0.0-p0/gems/railties-3.2.13/lib/rails/rack/logger.rb:16:in `call'
/Users/jcasimir/.rvm/gems/ruby-2.0.0-p0/gems/actionpack-3.2.13/lib/action_dispatch/middleware/request_id.rb:22:in `call'
/Users/jcasimir/.rvm/gems/ruby-2.0.0-p0/gems/rack-1.4.5/lib/rack/methodoverride.rb:21:in `call'
/Users/jcasimir/.rvm/gems/ruby-2.0.0-p0/gems/rack-1.4.5/lib/rack/runtime.rb:17:in `call'
/Users/jcasimir/.rvm/gems/ruby-2.0.0-p0/gems/activesupport-3.2.13/lib/active_support/cache/strategy/local_cache.rb:72:in `call'
/Users/jcasimir/.rvm/gems/ruby-2.0.0-p0/gems/rack-1.4.5/lib/rack/lock.rb:15:in `call'
/Users/jcasimir/.rvm/gems/ruby-2.0.0-p0/gems/actionpack-3.2.13/lib/action_dispatch/middleware/static.rb:63:in `call'
/Users/jcasimir/.rvm/gems/ruby-2.0.0-p0/gems/railties-3.2.13/lib/rails/engine.rb:479:in `call'
/Users/jcasimir/.rvm/gems/ruby-2.0.0-p0/gems/railties-3.2.13/lib/rails/application.rb:223:in `call'
/Users/jcasimir/.rvm/gems/ruby-2.0.0-p0/gems/rack-1.4.5/lib/rack/content_length.rb:14:in `call'
/Users/jcasimir/.rvm/gems/ruby-2.0.0-p0/gems/railties-3.2.13/lib/rails/rack/log_tailer.rb:17:in `call'
/Users/jcasimir/.rvm/gems/ruby-2.0.0-p0/gems/rack-1.4.5/lib/rack/handler/webrick.rb:59:in `service'
/Users/jcasimir/.rvm/rubies/ruby-2.0.0-p0/lib/ruby/2.0.0/webrick/httpserver.rb:138:in `service'
/Users/jcasimir/.rvm/rubies/ruby-2.0.0-p0/lib/ruby/2.0.0/webrick/httpserver.rb:94:in `run'
/Users/jcasimir/.rvm/rubies/ruby-2.0.0-p0/lib/ruby/2.0.0/webrick/server.rb:295:in `block in start_thread'
  Rendered words/index.html.erb within layouts/application (2.3ms)
Completed 500 Internal Server Error in 5ms

ActionView::Template::Error (/Users/jcasimir/Dropbox/Projects/scrabble-web/app/views/words/index.html.erb:5: syntax error, unexpected ')', expecting :: or '[' or '.'
...end= ( f.submit, "Score Word" );@output_buffer.safe_concat('
...                               ^
/Users/jcasimir/Dropbox/Projects/scrabble-web/app/views/words/index.html.erb:6: syntax error, unexpected keyword_end, expecting ')'
'); end ;@output_buffer.to_s
       ^
/Users/jcasimir/Dropbox/Projects/scrabble-web/app/views/words/index.html.erb:7: syntax error, unexpected keyword_ensure, expecting ')'
/Users/jcasimir/Dropbox/Projects/scrabble-web/app/views/words/index.html.erb:9: syntax error, unexpected keyword_end, expecting ')'):
    2: 
    3: <%= form_for @word do |f| %>
    4:   <%= f.text_field :word %>
    5:   <%= f.submit, "Score Word" %>
    6: <% end %>
  actionpack (3.2.13) lib/action_view/template.rb:297:in `module_eval'
  actionpack (3.2.13) lib/action_view/template.rb:297:in `compile'
  actionpack (3.2.13) lib/action_view/template.rb:244:in `block in compile!'
  actionpack (3.2.13) lib/action_view/template.rb:232:in `synchronize'
  actionpack (3.2.13) lib/action_view/template.rb:232:in `compile!'
  actionpack (3.2.13) lib/action_view/template.rb:144:in `block in render'
  activesupport (3.2.13) lib/active_support/notifications.rb:125:in `instrument'
  actionpack (3.2.13) lib/action_view/template.rb:143:in `render'
  actionpack (3.2.13) lib/action_view/renderer/template_renderer.rb:47:in `block (2 levels) in render_template'
  actionpack (3.2.13) lib/action_view/renderer/abstract_renderer.rb:38:in `block in instrument'
  activesupport (3.2.13) lib/active_support/notifications.rb:123:in `block in instrument'
  activesupport (3.2.13) lib/active_support/notifications/instrumenter.rb:20:in `instrument'
  activesupport (3.2.13) lib/active_support/notifications.rb:123:in `instrument'
  actionpack (3.2.13) lib/action_view/renderer/abstract_renderer.rb:38:in `instrument'
  actionpack (3.2.13) lib/action_view/renderer/template_renderer.rb:46:in `block in render_template'
  actionpack (3.2.13) lib/action_view/renderer/template_renderer.rb:54:in `render_with_layout'
  actionpack (3.2.13) lib/action_view/renderer/template_renderer.rb:45:in `render_template'
  actionpack (3.2.13) lib/action_view/renderer/template_renderer.rb:18:in `render'
  actionpack (3.2.13) lib/action_view/renderer/renderer.rb:36:in `render_template'
  actionpack (3.2.13) lib/action_view/renderer/renderer.rb:17:in `render'
  actionpack (3.2.13) lib/abstract_controller/rendering.rb:110:in `_render_template'
  actionpack (3.2.13) lib/action_controller/metal/streaming.rb:225:in `_render_template'
  actionpack (3.2.13) lib/abstract_controller/rendering.rb:103:in `render_to_body'
  actionpack (3.2.13) lib/action_controller/metal/renderers.rb:28:in `render_to_body'
  actionpack (3.2.13) lib/action_controller/metal/compatibility.rb:50:in `render_to_body'
  actionpack (3.2.13) lib/abstract_controller/rendering.rb:88:in `render'
  actionpack (3.2.13) lib/action_controller/metal/rendering.rb:16:in `render'
  actionpack (3.2.13) lib/action_controller/metal/instrumentation.rb:40:in `block (2 levels) in render'
  activesupport (3.2.13) lib/active_support/core_ext/benchmark.rb:5:in `block in ms'
  /Users/jcasimir/.rvm/rubies/ruby-2.0.0-p0/lib/ruby/2.0.0/benchmark.rb:296:in `realtime'
  activesupport (3.2.13) lib/active_support/core_ext/benchmark.rb:5:in `ms'
  actionpack (3.2.13) lib/action_controller/metal/instrumentation.rb:40:in `block in render'
  actionpack (3.2.13) lib/action_controller/metal/instrumentation.rb:83:in `cleanup_view_runtime'
  activerecord (3.2.13) lib/active_record/railties/controller_runtime.rb:24:in `cleanup_view_runtime'
  actionpack (3.2.13) lib/action_controller/metal/instrumentation.rb:39:in `render'
  actionpack (3.2.13) lib/action_controller/metal/implicit_render.rb:10:in `default_render'
  actionpack (3.2.13) lib/action_controller/metal/implicit_render.rb:5:in `send_action'
  actionpack (3.2.13) lib/abstract_controller/base.rb:167:in `process_action'
  actionpack (3.2.13) lib/action_controller/metal/rendering.rb:10:in `process_action'
  actionpack (3.2.13) lib/abstract_controller/callbacks.rb:18:in `block in process_action'
  activesupport (3.2.13) lib/active_support/callbacks.rb:414:in `_run__995686182991367896__process_action__1989857440875586018__callbacks'
  activesupport (3.2.13) lib/active_support/callbacks.rb:405:in `__run_callback'
  activesupport (3.2.13) lib/active_support/callbacks.rb:385:in `_run_process_action_callbacks'
  activesupport (3.2.13) lib/active_support/callbacks.rb:81:in `run_callbacks'
  actionpack (3.2.13) lib/abstract_controller/callbacks.rb:17:in `process_action'
  actionpack (3.2.13) lib/action_controller/metal/rescue.rb:29:in `process_action'
  actionpack (3.2.13) lib/action_controller/metal/instrumentation.rb:30:in `block in process_action'
  activesupport (3.2.13) lib/active_support/notifications.rb:123:in `block in instrument'
  activesupport (3.2.13) lib/active_support/notifications/instrumenter.rb:20:in `instrument'
  activesupport (3.2.13) lib/active_support/notifications.rb:123:in `instrument'
  actionpack (3.2.13) lib/action_controller/metal/instrumentation.rb:29:in `process_action'
  actionpack (3.2.13) lib/action_controller/metal/params_wrapper.rb:207:in `process_action'
  activerecord (3.2.13) lib/active_record/railties/controller_runtime.rb:18:in `process_action'
  actionpack (3.2.13) lib/abstract_controller/base.rb:121:in `process'
  actionpack (3.2.13) lib/abstract_controller/rendering.rb:45:in `process'
  actionpack (3.2.13) lib/action_controller/metal.rb:203:in `dispatch'
  actionpack (3.2.13) lib/action_controller/metal/rack_delegation.rb:14:in `dispatch'
  actionpack (3.2.13) lib/action_controller/metal.rb:246:in `block in action'
  actionpack (3.2.13) lib/action_dispatch/routing/route_set.rb:73:in `call'
  actionpack (3.2.13) lib/action_dispatch/routing/route_set.rb:73:in `dispatch'
  actionpack (3.2.13) lib/action_dispatch/routing/route_set.rb:36:in `call'
  journey (1.0.4) lib/journey/router.rb:68:in `block in call'
  journey (1.0.4) lib/journey/router.rb:56:in `each'
  journey (1.0.4) lib/journey/router.rb:56:in `call'
  actionpack (3.2.13) lib/action_dispatch/routing/route_set.rb:612:in `call'
  actionpack (3.2.13) lib/action_dispatch/middleware/best_standards_support.rb:17:in `call'
  rack (1.4.5) lib/rack/etag.rb:23:in `call'
  rack (1.4.5) lib/rack/conditionalget.rb:25:in `call'
  actionpack (3.2.13) lib/action_dispatch/middleware/head.rb:14:in `call'
  actionpack (3.2.13) lib/action_dispatch/middleware/params_parser.rb:21:in `call'
  actionpack (3.2.13) lib/action_dispatch/middleware/flash.rb:242:in `call'
  rack (1.4.5) lib/rack/session/abstract/id.rb:210:in `context'
  rack (1.4.5) lib/rack/session/abstract/id.rb:205:in `call'
  actionpack (3.2.13) lib/action_dispatch/middleware/cookies.rb:341:in `call'
  activerecord (3.2.13) lib/active_record/query_cache.rb:64:in `call'
  activerecord (3.2.13) lib/active_record/connection_adapters/abstract/connection_pool.rb:479:in `call'
  actionpack (3.2.13) lib/action_dispatch/middleware/callbacks.rb:28:in `block in call'
  activesupport (3.2.13) lib/active_support/callbacks.rb:405:in `_run__3572373867074392391__call__2082910703385760317__callbacks'
  activesupport (3.2.13) lib/active_support/callbacks.rb:405:in `__run_callback'
  activesupport (3.2.13) lib/active_support/callbacks.rb:385:in `_run_call_callbacks'
  activesupport (3.2.13) lib/active_support/callbacks.rb:81:in `run_callbacks'
  actionpack (3.2.13) lib/action_dispatch/middleware/callbacks.rb:27:in `call'
  actionpack (3.2.13) lib/action_dispatch/middleware/reloader.rb:65:in `call'
  actionpack (3.2.13) lib/action_dispatch/middleware/remote_ip.rb:31:in `call'
  actionpack (3.2.13) lib/action_dispatch/middleware/debug_exceptions.rb:16:in `call'
  actionpack (3.2.13) lib/action_dispatch/middleware/show_exceptions.rb:56:in `call'
  railties (3.2.13) lib/rails/rack/logger.rb:32:in `call_app'
  railties (3.2.13) lib/rails/rack/logger.rb:16:in `block in call'
  activesupport (3.2.13) lib/active_support/tagged_logging.rb:22:in `tagged'
  railties (3.2.13) lib/rails/rack/logger.rb:16:in `call'
  actionpack (3.2.13) lib/action_dispatch/middleware/request_id.rb:22:in `call'
  rack (1.4.5) lib/rack/methodoverride.rb:21:in `call'
  rack (1.4.5) lib/rack/runtime.rb:17:in `call'
  activesupport (3.2.13) lib/active_support/cache/strategy/local_cache.rb:72:in `call'
  rack (1.4.5) lib/rack/lock.rb:15:in `call'
  actionpack (3.2.13) lib/action_dispatch/middleware/static.rb:63:in `call'
  railties (3.2.13) lib/rails/engine.rb:479:in `call'
  railties (3.2.13) lib/rails/application.rb:223:in `call'
  rack (1.4.5) lib/rack/content_length.rb:14:in `call'
  railties (3.2.13) lib/rails/rack/log_tailer.rb:17:in `call'
  rack (1.4.5) lib/rack/handler/webrick.rb:59:in `service'
  /Users/jcasimir/.rvm/rubies/ruby-2.0.0-p0/lib/ruby/2.0.0/webrick/httpserver.rb:138:in `service'
  /Users/jcasimir/.rvm/rubies/ruby-2.0.0-p0/lib/ruby/2.0.0/webrick/httpserver.rb:94:in `run'
  /Users/jcasimir/.rvm/rubies/ruby-2.0.0-p0/lib/ruby/2.0.0/webrick/server.rb:295:in `block in start_thread'


  Rendered /Users/jcasimir/.rvm/gems/ruby-2.0.0-p0/gems/actionpack-3.2.13/lib/action_dispatch/middleware/templates/rescues/_trace.erb (1.5ms)
  Rendered /Users/jcasimir/.rvm/gems/ruby-2.0.0-p0/gems/actionpack-3.2.13/lib/action_dispatch/middleware/templates/rescues/_request_and_response.erb (1.8ms)
  Rendered /Users/jcasimir/.rvm/gems/ruby-2.0.0-p0/gems/actionpack-3.2.13/lib/action_dispatch/middleware/templates/rescues/template_error.erb within rescues/layout (11.6ms)


Started GET "/words" for 127.0.0.1 at 2013-06-05 12:20:08 -0600
Processing by WordsController#index as HTML
  Rendered words/index.html.erb within layouts/application (1.9ms)
Completed 200 OK in 11ms (Views: 11.1ms | ActiveRecord: 0.0ms)


Started GET "/assets/application.css?body=1" for 127.0.0.1 at 2013-06-05 12:20:08 -0600
Served asset /application.css - 304 Not Modified (0ms)


Started GET "/assets/words.css?body=1" for 127.0.0.1 at 2013-06-05 12:20:08 -0600
Served asset /words.css - 304 Not Modified (0ms)


Started GET "/assets/jquery_ujs.js?body=1" for 127.0.0.1 at 2013-06-05 12:20:08 -0600
Served asset /jquery_ujs.js - 304 Not Modified (0ms)


Started GET "/assets/words.js?body=1" for 127.0.0.1 at 2013-06-05 12:20:08 -0600
Served asset /words.js - 304 Not Modified (0ms)


Started GET "/assets/jquery.js?body=1" for 127.0.0.1 at 2013-06-05 12:20:08 -0600
Served asset /jquery.js - 304 Not Modified (0ms)


Started GET "/assets/application.js?body=1" for 127.0.0.1 at 2013-06-05 12:20:08 -0600
Served asset /application.js - 304 Not Modified (0ms)


Started GET "/words" for 127.0.0.1 at 2013-06-05 12:34:30 -0600
Processing by WordsController#index as HTML
  Rendered words/index.html.erb within layouts/application (2.0ms)
Completed 200 OK in 15ms (Views: 10.4ms | ActiveRecord: 0.4ms)


Started GET "/assets/application.css?body=1" for 127.0.0.1 at 2013-06-05 12:34:30 -0600
Served asset /application.css - 304 Not Modified (0ms)


Started GET "/assets/words.css?body=1" for 127.0.0.1 at 2013-06-05 12:34:30 -0600
Served asset /words.css - 304 Not Modified (0ms)


Started GET "/assets/jquery_ujs.js?body=1" for 127.0.0.1 at 2013-06-05 12:34:30 -0600
Served asset /jquery_ujs.js - 304 Not Modified (0ms)


Started GET "/assets/jquery.js?body=1" for 127.0.0.1 at 2013-06-05 12:34:30 -0600
Served asset /jquery.js - 304 Not Modified (0ms)


Started GET "/assets/application.js?body=1" for 127.0.0.1 at 2013-06-05 12:34:30 -0600
Served asset /application.js - 304 Not Modified (0ms)


Started GET "/assets/words.js?body=1" for 127.0.0.1 at 2013-06-05 12:34:30 -0600
Served asset /words.js - 304 Not Modified (0ms)


Started POST "/words" for 127.0.0.1 at 2013-06-05 12:34:32 -0600
Processing by WordsController#create as HTML
  Parameters: {"utf8"=>"✓", "authenticity_token"=>"PbMn3/jDVDn2e6F/s0GJRGNtKnS0wfXl4atU4sGRQnA=", "word"=>{"word"=>""}, "commit"=>"Score Word"}
  [1m[36m (0.1ms)[0m  [1mbegin transaction[0m
  [1m[35m (0.1ms)[0m  rollback transaction
  Rendered words/index.html.erb within layouts/application (0.6ms)
Completed 500 Internal Server Error in 6ms

ActionView::Template::Error (undefined method `model_name' for NilClass:Class):
    20: <% end %>
    21: 
    22: <h3>Score a Word</h3>
    23: <%= form_for @new_word do |f| %>
    24:   <%= f.text_field :word %>
    25:   <%= f.submit "Score Word" %>
    26: <% end %>
  app/views/words/index.html.erb:23:in `_app_views_words_index_html_erb__1583433867027192443_70259699619760'
  app/controllers/words_controller.rb:13:in `create'


  Rendered /Users/jcasimir/.rvm/gems/ruby-2.0.0-p0/gems/actionpack-3.2.13/lib/action_dispatch/middleware/templates/rescues/_trace.erb (1.2ms)
  Rendered /Users/jcasimir/.rvm/gems/ruby-2.0.0-p0/gems/actionpack-3.2.13/lib/action_dispatch/middleware/templates/rescues/_request_and_response.erb (1.7ms)
  Rendered /Users/jcasimir/.rvm/gems/ruby-2.0.0-p0/gems/actionpack-3.2.13/lib/action_dispatch/middleware/templates/rescues/template_error.erb within rescues/layout (9.9ms)


Started GET "/words" for 127.0.0.1 at 2013-06-05 12:34:38 -0600
Processing by WordsController#index as HTML
  Rendered words/index.html.erb within layouts/application (1.7ms)
Completed 200 OK in 62ms (Views: 62.0ms | ActiveRecord: 0.0ms)


Started GET "/assets/application.css?body=1" for 127.0.0.1 at 2013-06-05 12:34:38 -0600
Served asset /application.css - 304 Not Modified (0ms)


Started GET "/assets/words.css?body=1" for 127.0.0.1 at 2013-06-05 12:34:38 -0600
Served asset /words.css - 304 Not Modified (0ms)


Started GET "/assets/application.js?body=1" for 127.0.0.1 at 2013-06-05 12:34:38 -0600
Served asset /application.js - 304 Not Modified (0ms)


Started GET "/assets/jquery_ujs.js?body=1" for 127.0.0.1 at 2013-06-05 12:34:38 -0600
Served asset /jquery_ujs.js - 304 Not Modified (0ms)


Started GET "/assets/jquery.js?body=1" for 127.0.0.1 at 2013-06-05 12:34:38 -0600
Served asset /jquery.js - 304 Not Modified (0ms)


Started GET "/assets/words.js?body=1" for 127.0.0.1 at 2013-06-05 12:34:38 -0600
Served asset /words.js - 304 Not Modified (0ms)


Started POST "/words" for 127.0.0.1 at 2013-06-05 12:34:39 -0600
Processing by WordsController#create as HTML
  Parameters: {"utf8"=>"✓", "authenticity_token"=>"PbMn3/jDVDn2e6F/s0GJRGNtKnS0wfXl4atU4sGRQnA=", "word"=>{"word"=>""}, "commit"=>"Score Word"}
  [1m[36m (0.1ms)[0m  [1mbegin transaction[0m
  [1m[35m (0.0ms)[0m  rollback transaction
  Rendered words/index.html.erb within layouts/application (0.6ms)
Completed 500 Internal Server Error in 3ms

ActionView::Template::Error (undefined method `model_name' for NilClass:Class):
    20: <% end %>
    21: 
    22: <h3>Score a Word</h3>
    23: <%= form_for @new_word do |f| %>
    24:   <%= f.text_field :word %>
    25:   <%= f.submit "Score Word" %>
    26: <% end %>
  app/views/words/index.html.erb:23:in `_app_views_words_index_html_erb__1583433867027192443_70259699619760'
  app/controllers/words_controller.rb:13:in `create'


  Rendered /Users/jcasimir/.rvm/gems/ruby-2.0.0-p0/gems/actionpack-3.2.13/lib/action_dispatch/middleware/templates/rescues/_trace.erb (1.1ms)
  Rendered /Users/jcasimir/.rvm/gems/ruby-2.0.0-p0/gems/actionpack-3.2.13/lib/action_dispatch/middleware/templates/rescues/_request_and_response.erb (1.4ms)
  Rendered /Users/jcasimir/.rvm/gems/ruby-2.0.0-p0/gems/actionpack-3.2.13/lib/action_dispatch/middleware/templates/rescues/template_error.erb within rescues/layout (8.6ms)


Started POST "/words" for 127.0.0.1 at 2013-06-05 12:35:10 -0600
Processing by WordsController#create as HTML
  Parameters: {"utf8"=>"✓", "authenticity_token"=>"PbMn3/jDVDn2e6F/s0GJRGNtKnS0wfXl4atU4sGRQnA=", "word"=>{"word"=>""}, "commit"=>"Score Word"}
  [1m[36m (0.0ms)[0m  [1mbegin transaction[0m
  [1m[35m (0.1ms)[0m  rollback transaction
Redirected to 
Completed 500 Internal Server Error in 10ms

NoMethodError (undefined method `index_url' for #<WordsController:0x007fcd38de4cb8>):
  app/controllers/words_controller.rb:13:in `create'


  Rendered /Users/jcasimir/.rvm/gems/ruby-2.0.0-p0/gems/actionpack-3.2.13/lib/action_dispatch/middleware/templates/rescues/_trace.erb (1.2ms)
  Rendered /Users/jcasimir/.rvm/gems/ruby-2.0.0-p0/gems/actionpack-3.2.13/lib/action_dispatch/middleware/templates/rescues/_request_and_response.erb (0.9ms)
  Rendered /Users/jcasimir/.rvm/gems/ruby-2.0.0-p0/gems/actionpack-3.2.13/lib/action_dispatch/middleware/templates/rescues/diagnostics.erb within rescues/layout (10.5ms)


Started POST "/words" for 127.0.0.1 at 2013-06-05 12:35:19 -0600
Processing by WordsController#create as HTML
  Parameters: {"utf8"=>"✓", "authenticity_token"=>"PbMn3/jDVDn2e6F/s0GJRGNtKnS0wfXl4atU4sGRQnA=", "word"=>{"word"=>""}, "commit"=>"Score Word"}
  [1m[36m (0.1ms)[0m  [1mbegin transaction[0m
  [1m[35m (0.1ms)[0m  rollback transaction
Redirected to http://localhost:3000/words
Completed 302 Found in 8ms (ActiveRecord: 0.6ms)


Started GET "/words" for 127.0.0.1 at 2013-06-05 12:35:19 -0600
Processing by WordsController#index as HTML
  Rendered words/index.html.erb within layouts/application (1.2ms)
Completed 200 OK in 11ms (Views: 10.5ms | ActiveRecord: 0.0ms)


Started GET "/assets/application.css?body=1" for 127.0.0.1 at 2013-06-05 12:35:19 -0600
Served asset /application.css - 304 Not Modified (0ms)


Started GET "/assets/jquery_ujs.js?body=1" for 127.0.0.1 at 2013-06-05 12:35:19 -0600
Served asset /jquery_ujs.js - 304 Not Modified (0ms)


Started GET "/assets/words.css?body=1" for 127.0.0.1 at 2013-06-05 12:35:19 -0600
Served asset /words.css - 304 Not Modified (0ms)


Started GET "/assets/words.js?body=1" for 127.0.0.1 at 2013-06-05 12:35:19 -0600
Served asset /words.js - 304 Not Modified (0ms)


Started GET "/assets/jquery.js?body=1" for 127.0.0.1 at 2013-06-05 12:35:19 -0600
Served asset /jquery.js - 304 Not Modified (0ms)


Started GET "/assets/application.js?body=1" for 127.0.0.1 at 2013-06-05 12:35:19 -0600
Served asset /application.js - 304 Not Modified (0ms)


Started POST "/words" for 127.0.0.1 at 2013-06-05 12:35:25 -0600
Processing by WordsController#create as HTML
  Parameters: {"utf8"=>"✓", "authenticity_token"=>"PbMn3/jDVDn2e6F/s0GJRGNtKnS0wfXl4atU4sGRQnA=", "word"=>{"word"=>"hello"}, "commit"=>"Score Word"}
  [1m[36m (0.1ms)[0m  [1mbegin transaction[0m
  [1m[35mSQL (2.7ms)[0m  INSERT INTO "words" ("score", "word") VALUES (?, ?)  [["score", nil], ["word", "hello"]]
  [1m[36m (0.9ms)[0m  [1mcommit transaction[0m
Redirected to http://localhost:3000/words?last_word_id=1
Completed 302 Found in 7ms (ActiveRecord: 3.7ms)


Started GET "/words?last_word_id=1" for 127.0.0.1 at 2013-06-05 12:35:25 -0600
Processing by WordsController#index as HTML
  Parameters: {"last_word_id"=>"1"}
  [1m[35mWord Load (0.2ms)[0m  SELECT "words".* FROM "words" WHERE "words"."id" = ? LIMIT 1  [["id", "1"]]
  Rendered words/index.html.erb within layouts/application (0.9ms)
Completed 200 OK in 10ms (Views: 7.9ms | ActiveRecord: 0.2ms)


Started GET "/assets/words.css?body=1" for 127.0.0.1 at 2013-06-05 12:35:25 -0600
Served asset /words.css - 304 Not Modified (0ms)


Started GET "/assets/application.css?body=1" for 127.0.0.1 at 2013-06-05 12:35:25 -0600
Served asset /application.css - 304 Not Modified (0ms)


Started GET "/assets/jquery_ujs.js?body=1" for 127.0.0.1 at 2013-06-05 12:35:25 -0600
Served asset /jquery_ujs.js - 304 Not Modified (0ms)


Started GET "/assets/application.js?body=1" for 127.0.0.1 at 2013-06-05 12:35:25 -0600
Served asset /application.js - 304 Not Modified (0ms)


Started GET "/assets/jquery.js?body=1" for 127.0.0.1 at 2013-06-05 12:35:25 -0600
Served asset /jquery.js - 304 Not Modified (0ms)


Started GET "/assets/words.js?body=1" for 127.0.0.1 at 2013-06-05 12:35:25 -0600
Served asset /words.js - 304 Not Modified (0ms)


Started POST "/words" for 127.0.0.1 at 2013-06-05 12:35:30 -0600
Processing by WordsController#create as HTML
  Parameters: {"utf8"=>"✓", "authenticity_token"=>"PbMn3/jDVDn2e6F/s0GJRGNtKnS0wfXl4atU4sGRQnA=", "word"=>{"word"=>"fun"}, "commit"=>"Score Word"}
  [1m[36m (0.1ms)[0m  [1mbegin transaction[0m
  [1m[35mSQL (0.2ms)[0m  INSERT INTO "words" ("score", "word") VALUES (?, ?)  [["score", nil], ["word", "fun"]]
  [1m[36m (1.0ms)[0m  [1mcommit transaction[0m
Redirected to http://localhost:3000/words?last_word_id=2
Completed 302 Found in 3ms (ActiveRecord: 1.3ms)


Started GET "/words?last_word_id=2" for 127.0.0.1 at 2013-06-05 12:35:30 -0600
Processing by WordsController#index as HTML
  Parameters: {"last_word_id"=>"2"}
  [1m[35mWord Load (0.2ms)[0m  SELECT "words".* FROM "words" WHERE "words"."id" = ? LIMIT 1  [["id", "2"]]
  Rendered words/index.html.erb within layouts/application (0.8ms)
Completed 200 OK in 10ms (Views: 8.5ms | ActiveRecord: 0.2ms)


Started GET "/assets/application.css?body=1" for 127.0.0.1 at 2013-06-05 12:35:30 -0600
Served asset /application.css - 304 Not Modified (0ms)


Started GET "/assets/words.css?body=1" for 127.0.0.1 at 2013-06-05 12:35:30 -0600
Served asset /words.css - 304 Not Modified (0ms)


Started GET "/assets/jquery.js?body=1" for 127.0.0.1 at 2013-06-05 12:35:30 -0600
Served asset /jquery.js - 304 Not Modified (0ms)


Started GET "/assets/jquery_ujs.js?body=1" for 127.0.0.1 at 2013-06-05 12:35:30 -0600
Served asset /jquery_ujs.js - 304 Not Modified (0ms)


Started GET "/assets/words.js?body=1" for 127.0.0.1 at 2013-06-05 12:35:30 -0600
Served asset /words.js - 304 Not Modified (0ms)


Started GET "/assets/application.js?body=1" for 127.0.0.1 at 2013-06-05 12:35:30 -0600
Served asset /application.js - 304 Not Modified (0ms)


Started POST "/words" for 127.0.0.1 at 2013-06-05 12:36:09 -0600
Processing by WordsController#create as HTML
  Parameters: {"utf8"=>"✓", "authenticity_token"=>"PbMn3/jDVDn2e6F/s0GJRGNtKnS0wfXl4atU4sGRQnA=", "word"=>{"word"=>""}, "commit"=>"Score Word"}
  [1m[36m (0.1ms)[0m  [1mbegin transaction[0m
  [1m[35m (0.0ms)[0m  rollback transaction
Redirected to http://localhost:3000/words
Completed 302 Found in 2ms (ActiveRecord: 0.1ms)


Started GET "/words" for 127.0.0.1 at 2013-06-05 12:36:09 -0600
Processing by WordsController#index as HTML
  Rendered words/index.html.erb within layouts/application (0.7ms)
Completed 200 OK in 7ms (Views: 7.3ms | ActiveRecord: 0.0ms)


Started GET "/assets/application.css?body=1" for 127.0.0.1 at 2013-06-05 12:36:10 -0600
Served asset /application.css - 304 Not Modified (0ms)


Started GET "/assets/application.js?body=1" for 127.0.0.1 at 2013-06-05 12:36:10 -0600
Served asset /application.js - 304 Not Modified (0ms)


Started GET "/assets/words.js?body=1" for 127.0.0.1 at 2013-06-05 12:36:10 -0600
Served asset /words.js - 304 Not Modified (0ms)


Started GET "/assets/jquery_ujs.js?body=1" for 127.0.0.1 at 2013-06-05 12:36:10 -0600
Served asset /jquery_ujs.js - 304 Not Modified (0ms)


Started GET "/assets/jquery.js?body=1" for 127.0.0.1 at 2013-06-05 12:36:10 -0600
Served asset /jquery.js - 304 Not Modified (0ms)


Started GET "/assets/words.css?body=1" for 127.0.0.1 at 2013-06-05 12:36:10 -0600
Served asset /words.css - 304 Not Modified (0ms)
Connecting to database specified by database.yml
Connecting to database specified by database.yml
  [1m[36m (3.5ms)[0m  [1mSELECT "schema_migrations"."version" FROM "schema_migrations" [0m
  [1m[35m (0.3ms)[0m  select sqlite_version(*)
  [1m[36m (1.1ms)[0m  [1mCREATE TABLE "words" ("id" INTEGER PRIMARY KEY AUTOINCREMENT NOT NULL, "word" varchar(255), "score" integer) [0m
  [1m[35m (0.8ms)[0m  CREATE TABLE "schema_migrations" ("version" varchar(255) NOT NULL) 
  [1m[36m (0.8ms)[0m  [1mCREATE UNIQUE INDEX "unique_schema_migrations" ON "schema_migrations" ("version")[0m
  [1m[35m (0.1ms)[0m  SELECT version FROM "schema_migrations"
  [1m[36m (0.9ms)[0m  [1mINSERT INTO "schema_migrations" (version) VALUES ('20130605181234')[0m
Connecting to database specified by database.yml
  [1m[36m (0.1ms)[0m  [1mSELECT "schema_migrations"."version" FROM "schema_migrations" [0m
  [1m[35m (0.2ms)[0m  select sqlite_version(*)
  [1m[36m (1.6ms)[0m  [1mCREATE TABLE "words" ("id" INTEGER PRIMARY KEY AUTOINCREMENT NOT NULL, "word" varchar(255), "score" integer) [0m
  [1m[35m (0.8ms)[0m  CREATE TABLE "schema_migrations" ("version" varchar(255) NOT NULL) 
  [1m[36m (1.1ms)[0m  [1mCREATE UNIQUE INDEX "unique_schema_migrations" ON "schema_migrations" ("version")[0m
  [1m[35m (0.1ms)[0m  SELECT version FROM "schema_migrations"
  [1m[36m (0.6ms)[0m  [1mINSERT INTO "schema_migrations" (version) VALUES ('20130605181234')[0m
Connecting to database specified by database.yml
  [1m[36m (3.2ms)[0m  [1mSELECT "schema_migrations"."version" FROM "schema_migrations" [0m
  [1m[35m (0.4ms)[0m  select sqlite_version(*)
  [1m[36m (1.1ms)[0m  [1mCREATE TABLE "words" ("id" INTEGER PRIMARY KEY AUTOINCREMENT NOT NULL, "word" varchar(255), "score" integer) [0m
  [1m[35m (0.8ms)[0m  CREATE TABLE "schema_migrations" ("version" varchar(255) NOT NULL) 
  [1m[36m (0.9ms)[0m  [1mCREATE UNIQUE INDEX "unique_schema_migrations" ON "schema_migrations" ("version")[0m
  [1m[35m (0.1ms)[0m  SELECT version FROM "schema_migrations"
  [1m[36m (1.3ms)[0m  [1mINSERT INTO "schema_migrations" (version) VALUES ('20130605181234')[0m
